<?xml version="1.0" encoding="UTF-8"?>
<!-- Generated by org.testng.reporters.JUnitReportReporter -->
<testsuite skipped="0" hostname="DESKTOP-GHFBK4A" name="com.ebanking.testcases.TC_addCustomertest" tests="1" failures="0" timestamp="28 Oct 2020 18:30:01 GMT" time="17.883" errors="0">
  <testcase name="addNewCustomer" time="17.883" classname="com.ebanking.testcases.TC_addCustomertest"/>
</testsuite> <!-- com.ebanking.testcases.TC_addCustomertest -->
